[20:37:10] [main/INFO]: Loading Minecraft 1.20.4 with Fabric Loader 0.16.10
[20:37:10] [ForkJoinPool-1-worker-10/WARN]: Mod com_github_rtyley_animated-gif-lib-for-java uses the version animated-gif-lib-1.7 which isn't compatible with Loader's extended semantic version format (Could not parse version number component 'animated'!), SemVer is recommended for reliably evaluating dependencies and prioritizing newer version
[20:37:10] [main/INFO]: Loading 109 mods:
	- architectury 11.1.17
	- armorstatues 20.4.2
	   \-- statuemenus 20.4.2
	- autohud 8.2
	   \-- libbamboo 2.5
	- betteranimationscollection 20.4.0
	- cloth-config 13.0.138
	   \-- cloth-basic-math 0.6.1
	- creaturechat 1.3.0+1.20.4
	- display_case 1.0
	- fabric-api 0.97.2+1.20.4
	   |-- fabric-api-base 0.4.37+78d798af4f
	   |-- fabric-api-lookup-api-v1 1.6.50+82b1bb3e4f
	   |-- fabric-biome-api-v1 13.0.17+78d798af4f
	   |-- fabric-block-api-v1 1.0.17+3e2216cb4f
	   |-- fabric-block-view-api-v2 1.0.5+78d798af4f
	   |-- fabric-blockrenderlayer-v1 1.1.47+78d798af4f
	   |-- fabric-client-tags-api-v1 1.1.8+78d798af4f
	   |-- fabric-command-api-v1 1.2.42+f71b366f4f
	   |-- fabric-command-api-v2 2.2.21+78d798af4f
	   |-- fabric-commands-v0 0.2.59+df3654b34f
	   |-- fabric-containers-v0 0.1.88+df3654b34f
	   |-- fabric-content-registries-v0 5.0.16+78d798af4f
	   |-- fabric-convention-tags-v1 1.5.11+78d798af4f
	   |-- fabric-crash-report-info-v1 0.2.24+78d798af4f
	   |-- fabric-data-attachment-api-v1 1.1.5+b90db5744f
	   |-- fabric-data-generation-api-v1 13.2.6+5c0133444f
	   |-- fabric-dimensions-v1 2.1.63+6605d1a84f
	   |-- fabric-entity-events-v1 1.6.2+09fc25014f
	   |-- fabric-events-interaction-v0 0.7.2+389931eb4f
	   |-- fabric-events-lifecycle-v0 0.2.75+df3654b34f
	   |-- fabric-game-rule-api-v1 1.0.47+78d798af4f
	   |-- fabric-item-api-v1 2.3.0+bcdd12964f
	   |-- fabric-item-group-api-v1 4.0.27+ee30b13a4f
	   |-- fabric-key-binding-api-v1 1.0.42+78d798af4f
	   |-- fabric-keybindings-v0 0.2.40+df3654b34f
	   |-- fabric-lifecycle-events-v1 2.3.1+a67ffb5d4f
	   |-- fabric-loot-api-v2 2.1.10+78d798af4f
	   |-- fabric-message-api-v1 6.0.6+78d798af4f
	   |-- fabric-mining-level-api-v1 2.1.66+78d798af4f
	   |-- fabric-model-loading-api-v1 1.0.9+78d798af4f
	   |-- fabric-models-v0 0.4.8+9386d8a74f
	   |-- fabric-networking-api-v1 3.1.9+6abb6a4b4f
	   |-- fabric-object-builder-api-v1 13.1.0+dba1195c4f
	   |-- fabric-particles-v1 1.1.8+78d798af4f
	   |-- fabric-recipe-api-v1 2.0.22+78d798af4f
	   |-- fabric-registry-sync-v0 4.0.21+ee30b13a4f
	   |-- fabric-renderer-api-v1 3.2.5+78d798af4f
	   |-- fabric-renderer-indigo 1.5.6+d331d3144f
	   |-- fabric-renderer-registries-v1 3.2.54+df3654b34f
	   |-- fabric-rendering-data-attachment-v1 0.3.43+73761d2e4f
	   |-- fabric-rendering-fluids-v1 3.1.2+e761c6694f
	   |-- fabric-rendering-v0 1.1.57+df3654b34f
	   |-- fabric-rendering-v1 3.2.1+6fd945a04f
	   |-- fabric-resource-conditions-api-v1 2.3.15+78d798af4f
	   |-- fabric-resource-loader-v0 0.11.21+ee30b13a4f
	   |-- fabric-screen-api-v1 2.0.18+78d798af4f
	   |-- fabric-screen-handler-api-v1 1.3.57+78d798af4f
	   |-- fabric-sound-api-v1 1.0.18+78d798af4f
	   |-- fabric-transfer-api-v1 4.0.12+90f2d7b14f
	   \-- fabric-transitive-access-wideners-v1 5.0.15+78d798af4f
	- fabricloader 0.16.10
	   \-- mixinextras 0.4.1
	- fabricmobheight 1.0.5
	- fancymenu 3.3.2
	   |-- com_github_keksuccino_japng 0.5.3
	   \-- com_github_rtyley_animated-gif-lib-for-java animated-gif-lib-1.7
	- forgeconfigapiport 20.4.3
	   |-- com_electronwill_night-config_core 3.6.6
	   \-- com_electronwill_night-config_toml 3.6.6
	- ftblibrary 2004.2.4
	- ftbquests 2004.2.3
	   \-- team_reborn_energy 3.0.0
	- ftbteams 2004.1.2
	- iris 1.7.2+mc1.20.4
	   |-- io_github_douira_glsl-transformer 2.0.1
	   |-- org_anarres_jcpp 1.4.14
	   \-- org_antlr_antlr4-runtime 4.13.1
	- isometric-renders 0.4.7+1.20.3
	   \-- worldmesher 0.4.5+1.20.3
	- java 21
	- konkrete 1.9.2
	- loadmyresources 1.0.4
	- mcity 1.0.0
	- mcwdoors 1.1.2
	- mcwfurnitures 3.3.0
	- mcwpaintings 1.0.5
	- mcwwindows 2.3.1
	- melody 1.0.3
	- minecraft 1.20.4
	- modmenu 9.2.0
	- moonlight 1.20.4-2.10.3
	- notenoughanimations 1.9.2
	- owo 0.12.6+1.20.3
	   \-- blue_endless_jankson 1.2.2
	- pehkui 3.8.3+1.14.4-1.21
	   \-- kanos_config 0.4.1+1.14.4-1.19.4
	- pickuptorches 1.0.0
	- placeable_mobs 1.0.0
	- placeholder-api 2.4.0-pre.1+1.20.4
	- playeranimator 1.0.2-rc1+1.20.4
	- puzzleslib 20.4.52
	- sleep_tight 1.20.4-1.1.21
	- sodium 0.5.8+mc1.20.4
	- talk_balloons 1.1.3
	- villagerconfig 4.1.2+1.20.2
	   |-- config2brigadier 1.2.5
	   \-- fiber 0.23.0-2
	- visuality 0.7.4+1.20.4
[20:37:11] [main/INFO]: SpongePowered MIXIN Subsystem Version=0.8.7 Source=file:/C:/Users/mwjwj/AppData/Roaming/.minecraft/libraries/net/fabricmc/sponge-mixin/0.15.4+mixin.0.8.7/sponge-mixin-0.15.4+mixin.0.8.7.jar Service=Knot/Fabric Env=CLIENT
[20:37:11] [main/INFO]: Compatibility level set to JAVA_16
[20:37:11] [main/INFO]: Compatibility level set to JAVA_17
[20:37:11] [main/WARN]: Reference map 'armorstatues.common.refmap.json' for armorstatues.common.mixins.json could not be read. If this is a development environment you can ignore this message
[20:37:11] [main/WARN]: Reference map 'armorstatues.fabric.refmap.json' for armorstatues.fabric.mixins.json could not be read. If this is a development environment you can ignore this message
[20:37:11] [main/WARN]: Reference map 'BetterAnimationsCollection-Fabric-refmap.json' for betteranimationscollection.fabric.mixins.json could not be read. If this is a development environment you can ignore this message
[20:37:11] [main/WARN]: Reference map 'ForgeConfigAPIPort-Common-refmap.json' for forgeconfigapiport.common.mixins.json could not be read. If this is a development environment you can ignore this message
[20:37:11] [main/INFO]: Loaded configuration file for Sodium: 42 options available, 3 override(s) found
[20:37:11] [main/WARN]: Reference map 'statuemenus.common.refmap.json' for statuemenus.common.mixins.json could not be read. If this is a development environment you can ignore this message
[20:37:11] [main/WARN]: Reference map 'statuemenus.fabric.refmap.json' for statuemenus.fabric.mixins.json could not be read. If this is a development environment you can ignore this message
[20:37:12] [main/WARN]: Error loading class: xyz/nucleoid/server/translations/impl/language/SystemDelegatedLanguage (java.lang.ClassNotFoundException: xyz/nucleoid/server/translations/impl/language/SystemDelegatedLanguage)
[20:37:12] [main/WARN]: Force-disabling mixin 'features.render.entity.CuboidMixin' as rule 'mixin.features.render.entity' (added by mods [iris]) disables it and children
[20:37:12] [main/WARN]: Force-disabling mixin 'features.render.entity.ModelPartMixin' as rule 'mixin.features.render.entity' (added by mods [iris]) disables it and children
[20:37:12] [main/WARN]: Force-disabling mixin 'features.render.entity.cull.EntityRendererMixin' as rule 'mixin.features.render.entity' (added by mods [iris]) disables it and children
[20:37:12] [main/WARN]: Force-disabling mixin 'features.render.entity.shadows.EntityRenderDispatcherMixin' as rule 'mixin.features.render.entity' (added by mods [iris]) disables it and children
[20:37:12] [main/WARN]: Force-disabling mixin 'features.render.gui.font.GlyphRendererMixin' as rule 'mixin.features.render.gui.font' (added by mods [iris]) disables it and children
[20:37:12] [main/WARN]: Force-disabling mixin 'features.render.world.sky.BackgroundRendererMixin' as rule 'mixin.features.render.world.sky' (added by mods [iris]) disables it and children
[20:37:12] [main/WARN]: Force-disabling mixin 'features.render.world.sky.ClientWorldMixin' as rule 'mixin.features.render.world.sky' (added by mods [iris]) disables it and children
[20:37:12] [main/WARN]: Force-disabling mixin 'features.render.world.sky.WorldRendererMixin' as rule 'mixin.features.render.world.sky' (added by mods [iris]) disables it and children
[20:37:12] [main/WARN]: Error loading class: org/jetbrains/annotations/ApiStatus$Internal (java.lang.ClassNotFoundException: org/jetbrains/annotations/ApiStatus$Internal)
[20:37:12] [main/INFO]: Searching for graphics cards...
[20:37:12] [main/INFO]: Initializing MixinExtras via com.llamalad7.mixinextras.service.MixinExtrasServiceImpl(version=0.4.1).
[20:37:13] [main/INFO]: Found graphics card: GraphicsAdapterInfo[vendor=NVIDIA, name=NVIDIA GeForce RTX 3060 Laptop GPU, version=DriverVersion=32.0.15.6636]
[20:37:13] [main/INFO]: Found graphics card: GraphicsAdapterInfo[vendor=AMD, name=AMD Radeon(TM) Graphics, version=DriverVersion=30.0.13002.19003]
[20:37:13] [main/WARN]: Sodium has applied one or more workarounds to prevent crashes or other issues on your system: [NVIDIA_THREADED_OPTIMIZATIONS]
[20:37:13] [main/WARN]: This is not necessarily an issue, but it may result in certain features or optimizations being disabled. You can sometimes fix these issues by upgrading your graphics driver.
[20:37:21] [Datafixer Bootstrap/INFO]: 198 Datafixer optimizations took 213 milliseconds
[20:37:23] [Render thread/INFO]: [STDERR]: [LWJGL] [ThreadLocalUtil] Unsupported JNI version detected, this may result in a crash. Please inform LWJGL developers.
[20:37:24] [Render thread/INFO]: [LOAD MY RESOURCES] PackHandler initialized! Resources path set to: C:\Users\mwjwj\AppData\Roaming\.minecraft\versions\1.20.4-Fabric 0.16.10\resources
[20:37:24] [Render thread/INFO]: [LOAD MY RESOURCES] Pack registered!
[20:37:24] [Render thread/INFO]: Environment: Environment[sessionHost=https://sessionserver.mojang.com, servicesHost=https://api.minecraftservices.com, name=PROD]
[20:37:24] [Render thread/INFO]: Setting user: Cocktail_Royal
[20:37:24] [Render thread/INFO]: Constructing common components for armorstatues:main
[20:37:24] [Render thread/INFO]: Loading client config for armorstatues
[20:37:24] [Thread-4/INFO]: Reloading client config for armorstatues
[20:37:24] [Render thread/INFO]: Constructing common components for betteranimationscollection:main
[20:37:25] [Render thread/INFO]: Loading client config for betteranimationscollection
[20:37:25] [Thread-4/INFO]: Reloading client config for betteranimationscollection
[20:37:25] [Render thread/INFO]: Loaded C2B lib.
[20:37:25] [Render thread/INFO]: CreatureChat MOD Initialized!
[20:37:25] [Render thread/INFO]: [FANCYMENU] Loading v3.3.2 in client-side mode on FABRIC!
[20:37:25] [Render thread/INFO]: Registering S2C receiver with id ftblibrary:edit_nbt
[20:37:25] [Render thread/INFO]: Registering C2S receiver with id ftblibrary:edit_nbt_response
[20:37:25] [Render thread/INFO]: Registering S2C receiver with id ftblibrary:sync_known_server_registries
[20:37:25] [Render thread/INFO]: Registering S2C receiver with id ftblibrary:edit_config
[20:37:25] [Render thread/INFO]: Registering S2C receiver with id ftbquests:sync_quests
[20:37:25] [Render thread/INFO]: Registering S2C receiver with id ftbquests:sync_team_data
[20:37:25] [Render thread/INFO]: Registering S2C receiver with id ftbquests:update_task_progress
[20:37:25] [Render thread/INFO]: Registering C2S receiver with id ftbquests:submit_task
[20:37:25] [Render thread/INFO]: Registering C2S receiver with id ftbquests:claim_reward
[20:37:25] [Render thread/INFO]: Registering S2C receiver with id ftbquests:claim_reward_response
[20:37:25] [Render thread/INFO]: Registering S2C receiver with id ftbquests:sync_editing_mode
[20:37:25] [Render thread/INFO]: Registering C2S receiver with id ftbquests:get_emergency_items
[20:37:25] [Render thread/INFO]: Registering S2C receiver with id ftbquests:create_other_team_data
[20:37:25] [Render thread/INFO]: Registering C2S receiver with id ftbquests:claim_all_rewards
[20:37:25] [Render thread/INFO]: Registering C2S receiver with id ftbquests:claim_choice_reward
[20:37:25] [Render thread/INFO]: Registering S2C receiver with id ftbquests:display_completion_toast
[20:37:25] [Render thread/INFO]: Registering S2C receiver with id ftbquests:display_reward_toast
[20:37:25] [Render thread/INFO]: Registering S2C receiver with id ftbquests:display_item_reward_toast
[20:37:25] [Render thread/INFO]: Registering C2S receiver with id ftbquests:toggle_pinned
[20:37:25] [Render thread/INFO]: Registering S2C receiver with id ftbquests:toggle_pinned_response
[20:37:25] [Render thread/INFO]: Registering C2S receiver with id ftbquests:toggle_chapter_pinned
[20:37:25] [Render thread/INFO]: Registering S2C receiver with id ftbquests:toggle_chapter_pinned_response
[20:37:25] [Render thread/INFO]: Registering C2S receiver with id ftbquests:toggle_editing_mode
[20:37:25] [Render thread/INFO]: Registering C2S receiver with id ftbquests:force_save
[20:37:25] [Render thread/INFO]: Registering S2C receiver with id ftbquests:update_team_data
[20:37:25] [Render thread/INFO]: Registering C2S receiver with id ftbquests:set_custom_image
[20:37:25] [Render thread/INFO]: Registering S2C receiver with id ftbquests:object_started
[20:37:25] [Render thread/INFO]: Registering S2C receiver with id ftbquests:object_completed
[20:37:25] [Render thread/INFO]: Registering S2C receiver with id ftbquests:object_started_reset
[20:37:25] [Render thread/INFO]: Registering S2C receiver with id ftbquests:object_completed_reset
[20:37:25] [Render thread/INFO]: Registering S2C receiver with id ftbquests:sync_lock
[20:37:25] [Render thread/INFO]: Registering S2C receiver with id ftbquests:reset_reward
[20:37:25] [Render thread/INFO]: Registering S2C receiver with id ftbquests:team_data_changed
[20:37:25] [Render thread/INFO]: Registering S2C receiver with id ftbquests:task_screen_config_req
[20:37:25] [Render thread/INFO]: Registering C2S receiver with id ftbquests:task_screen_config_resp
[20:37:25] [Render thread/INFO]: Registering C2S receiver with id ftbquests:change_progress
[20:37:25] [Render thread/INFO]: Registering C2S receiver with id ftbquests:create_object
[20:37:25] [Render thread/INFO]: Registering S2C receiver with id ftbquests:create_object_response
[20:37:25] [Render thread/INFO]: Registering C2S receiver with id ftbquests:create_task_at
[20:37:25] [Render thread/INFO]: Registering C2S receiver with id ftbquests:delete_object
[20:37:25] [Render thread/INFO]: Registering S2C receiver with id ftbquests:delete_object_response
[20:37:25] [Render thread/INFO]: Registering C2S receiver with id ftbquests:edit_object
[20:37:25] [Render thread/INFO]: Registering S2C receiver with id ftbquests:edit_object_response
[20:37:25] [Render thread/INFO]: Registering C2S receiver with id ftbquests:move_chapter
[20:37:25] [Render thread/INFO]: Registering S2C receiver with id ftbquests:move_chapter_response
[20:37:25] [Render thread/INFO]: Registering C2S receiver with id ftbquests:move_quest
[20:37:25] [Render thread/INFO]: Registering S2C receiver with id ftbquests:move_quest_response
[20:37:25] [Render thread/INFO]: Registering C2S receiver with id ftbquests:change_chapter_group
[20:37:25] [Render thread/INFO]: Registering S2C receiver with id ftbquests:change_chapter_group_response
[20:37:25] [Render thread/INFO]: Registering C2S receiver with id ftbquests:move_chapter_group
[20:37:25] [Render thread/INFO]: Registering S2C receiver with id ftbquests:move_chapter_group_response
[20:37:25] [Render thread/INFO]: Registering S2C receiver with id ftbquests:sync_reward_blocking
[20:37:25] [Render thread/INFO]: Registering C2S receiver with id ftbquests:copy_quest
[20:37:25] [Render thread/INFO]: Registering C2S receiver with id ftbquests:copy_chapter_image
[20:37:25] [Render thread/INFO]: Registering C2S receiver with id ftbquests:sync_structures_request
[20:37:25] [Render thread/INFO]: Registering S2C receiver with id ftbquests:sync_structures_response
[20:37:25] [Render thread/INFO]: Registering C2S receiver with id ftbquests:request_team_data
[20:37:25] [Render thread/INFO]: Registering S2C receiver with id ftbquests:sync_editor_permission
[20:37:25] [Render thread/INFO]: Registering S2C receiver with id ftbquests:open_quest_book
[20:37:25] [Render thread/INFO]: Registering S2C receiver with id ftbquests:clear_display_cache
[20:37:25] [Render thread/INFO]: Registering S2C receiver with id ftbteams:sync_teams
[20:37:25] [Render thread/INFO]: Registering S2C receiver with id ftbteams:sync_message_history
[20:37:25] [Render thread/INFO]: Registering C2S receiver with id ftbteams:open_gui
[20:37:25] [Render thread/INFO]: Registering S2C receiver with id ftbteams:open_my_team_gui
[20:37:25] [Render thread/INFO]: Registering C2S receiver with id ftbteams:update_settings
[20:37:25] [Render thread/INFO]: Registering S2C receiver with id ftbteams:update_settings_response
[20:37:25] [Render thread/INFO]: Registering C2S receiver with id ftbteams:send_message
[20:37:25] [Render thread/INFO]: Registering S2C receiver with id ftbteams:send_message_response
[20:37:25] [Render thread/INFO]: Registering S2C receiver with id ftbteams:update_presence
[20:37:25] [Render thread/INFO]: Registering C2S receiver with id ftbteams:create_party
[20:37:25] [Render thread/INFO]: Registering C2S receiver with id ftbteams:player_gui_operation
[20:37:25] [Render thread/INFO]: [KONKRETE] Loading v1.9.2 in client-side mode on FABRIC!
[20:37:25] [Render thread/INFO]: ---------------------------
[20:37:25] [Render thread/INFO]: KONKRETE SHIPS AND USES THE FOLLOWING LIBRARIES:
[20:37:25] [Render thread/INFO]:  
[20:37:25] [Render thread/INFO]: Open Imaging Copyright © 2014 Dhyan Blum.
[20:37:25] [Render thread/INFO]: Open Imaging is licensed under Apache-2.0.
[20:37:25] [Render thread/INFO]:  
[20:37:25] [Render thread/INFO]: JsonPath Copyright © 2017 Jayway.
[20:37:25] [Render thread/INFO]: JsonPath is licensed under Apache-2.0.
[20:37:25] [Render thread/INFO]:  
[20:37:25] [Render thread/INFO]: Json-smart Copyright © netplex.
[20:37:25] [Render thread/INFO]: Json-smart is licensed under Apache-2.0.
[20:37:25] [Render thread/INFO]:  
[20:37:25] [Render thread/INFO]: Exp4j Copyright © Frank Asseg.
[20:37:25] [Render thread/INFO]: Exp4j is licensed under Apache-2.0. https://github.com/fasseg/exp4j
[20:37:25] [Render thread/INFO]: ---------------------------
[20:37:25] [Render thread/INFO]: [KONKRETE] Server-side modules initialized and ready to use!
[20:37:25] [Render thread/INFO]: Hello Fabric world!
[20:37:25] [Render thread/INFO]: Registering Item Groups for mcity
[20:37:25] [Render thread/INFO]: Registering Mod Items for mcity
[20:37:26] [Render thread/INFO]: [MELODY] Loading Melody background audio library..
[20:37:26] [Render thread/INFO]: Loaded config moonlight-client.json
[20:37:26] [Render thread/INFO]: Did you know that Air is made of 78 percent nitrogen and 21 percent oxygen?
[20:37:26] [Render thread/INFO]: [STDOUT]: [PickUpTorches] Initializing mod
[20:37:26] [Render thread/INFO]: Registering Item Groups for placeable_mobs
[20:37:26] [Render thread/INFO]: Constructing common components for puzzleslib:main
[20:37:26] [Render thread/INFO]: Constructing common components for statuemenus:main
[20:37:26] [Render thread/INFO]: Registering S2C receiver with id architectury:spawn_entity_packet
[20:37:26] [Render thread/INFO]: Constructing client components for armorstatues:main
[20:37:27] [Render thread/INFO]: Constructing client components for betteranimationscollection:main
[20:37:27] [Render thread/INFO]: [Indigo] Different rendering plugin detected; not applying Indigo.
[20:37:27] [Render thread/INFO]: Checking mod updates...
[20:37:27] [Render thread/INFO]: Initialized block sets in 11ms
[20:37:27] [Render thread/ERROR]: No data fixer registered for sleep_tight:bed_entity
[20:37:27] [Render thread/ERROR]: No data fixer registered for sleep_tight:bedbug
[20:37:27] [Render thread/ERROR]: No data fixer registered for sleep_tight:dreamer_essence_dummy
[20:37:27] [Render thread/INFO]: Loaded config sleep_tight-client.json
[20:37:27] [Render thread/INFO]: Loaded config sleep_tight-common.json
[20:37:27] [Render thread/INFO]: Initialized color sets in 20ms
[20:37:27] [Worker-Main-1/INFO]: Update available for 'placeholder-api@2.4.0-pre.1+1.20.4', (-> 2.4.0-pre.3+1.20.4)
[20:37:27] [Worker-Main-1/INFO]: Update available for 'notenoughanimations@1.9.2', (-> 1.9.3)
[20:37:28] [Render thread/INFO]: [STDOUT]: [PickUpTorches] Initializing client-side mod
[20:37:28] [Render thread/INFO]: Constructing client components for puzzleslib:main
[20:37:28] [Render thread/INFO]: Constructing client components for statuemenus:main
[20:37:28] [Render thread/INFO]: Backend library: LWJGL version 3.3.2-snapshot
[20:37:28] [Render thread/WARN]: Applying workaround: Prevent the NVIDIA OpenGL driver from using broken optimizations (NVIDIA_THREADED_OPTIMIZATIONS)
[20:37:28] [ForkJoinPool.commonPool-worker-1/WARN]: [Iris Update Check] This version doesn't have an update index, skipping.
[20:37:29] [Render thread/INFO]: OpenGL Vendor: NVIDIA Corporation
[20:37:29] [Render thread/INFO]: OpenGL Renderer: NVIDIA GeForce RTX 3060 Laptop GPU/PCIe/SSE2
[20:37:29] [Render thread/INFO]: OpenGL Version: 3.2.0 NVIDIA 566.36
[20:37:29] [Render thread/INFO]: Debug functionality is disabled.
[20:37:29] [Render thread/INFO]: ARB_direct_state_access detected, enabling DSA.
[20:37:29] [Render thread/WARN]: Unable to resolve shader pack option menu element "DEBUG_COUNTER" defined in shaders.properties
[20:37:29] [Render thread/WARN]: Unable to resolve shader pack option menu element "SODIUM_TEMPFIX" defined in shaders.properties
[20:37:29] [Render thread/INFO]: Profile: High (+4 options changed by user)
[20:37:30] [Render thread/INFO]: Using shaderpack: iterationT 3.2.0.zip
[20:37:30] [Render thread/INFO]: Found non-pack entry 'C:\Users\mwjwj\AppData\Roaming\.minecraft\versions\1.20.4-Fabric 0.16.10\resourcepacks\05通用向下适配包 修复包', ignoring
[20:37:30] [Render thread/INFO]: Found non-pack entry 'C:\Users\mwjwj\AppData\Roaming\.minecraft\versions\1.20.4-Fabric 0.16.10\resourcepacks\BRTX 平台 - 基岩版官方光追 延迟渲染 渲染龙光影', ignoring
[20:37:30] [Render thread/INFO]: Found non-pack entry 'C:\Users\mwjwj\AppData\Roaming\.minecraft\versions\1.20.4-Fabric 0.16.10\resourcepacks\mc_cave_animation_2cfb5f2c6ab641c1', ignoring
[20:37:30] [Render thread/INFO]: Hardware information:
[20:37:30] [Render thread/INFO]: CPU: 16x AMD Ryzen 9 5900HX with Radeon Graphics 
[20:37:30] [Render thread/INFO]: GPU: NVIDIA GeForce RTX 3060 Laptop GPU/PCIe/SSE2 (Supports OpenGL 3.2.0 NVIDIA 566.36)
[20:37:30] [Render thread/INFO]: OS: Windows 11 (10.0)
[20:37:31] [Render thread/INFO]: [FANCYMENU] Registering resource reload listener..
[20:37:31] [Render thread/INFO]: [FANCYMENU] Initializing screen customization engine! Addons should NOT REGISTER TO REGISTRIES anymore now!
[20:37:31] [Render thread/INFO]: [FANCYMENU] ScreenCustomizationLayer registered: generic_dirt_message_screen
[20:37:31] [Render thread/INFO]: [FANCYMENU] Minecraft resource reload: STARTING
[20:37:31] [Render thread/INFO]: Reloading ResourceManager: vanilla, fabric, armorstatues, autohud, cloth-config, creaturechat, display_case, fabric-api, fabric-api-base, fabric-api-lookup-api-v1, fabric-biome-api-v1, fabric-block-api-v1, fabric-block-view-api-v2, fabric-blockrenderlayer-v1, fabric-client-tags-api-v1, fabric-command-api-v1, fabric-command-api-v2, fabric-commands-v0, fabric-containers-v0, fabric-content-registries-v0, fabric-convention-tags-v1, fabric-crash-report-info-v1, fabric-data-attachment-api-v1, fabric-data-generation-api-v1, fabric-dimensions-v1, fabric-entity-events-v1, fabric-events-interaction-v0, fabric-events-lifecycle-v0, fabric-game-rule-api-v1, fabric-item-api-v1, fabric-item-group-api-v1, fabric-key-binding-api-v1, fabric-keybindings-v0, fabric-lifecycle-events-v1, fabric-loot-api-v2, fabric-message-api-v1, fabric-mining-level-api-v1, fabric-model-loading-api-v1, fabric-models-v0, fabric-networking-api-v1, fabric-object-builder-api-v1, fabric-particles-v1, fabric-recipe-api-v1, fabric-registry-sync-v0, fabric-renderer-api-v1, fabric-renderer-indigo, fabric-renderer-registries-v1, fabric-rendering-data-attachment-v1, fabric-rendering-fluids-v1, fabric-rendering-v0, fabric-rendering-v1, fabric-resource-conditions-api-v1, fabric-resource-loader-v0, fabric-screen-api-v1, fabric-screen-handler-api-v1, fabric-sound-api-v1, fabric-transfer-api-v1, fabric-transitive-access-wideners-v1, fabricloader, fabricmobheight, fancymenu, forgeconfigapiport, ftblibrary, ftbquests, ftbteams, iris, isometric-renders, kanos_config, konkrete, libbamboo, loadmyresources, mcity, mcwdoors, mcwfurnitures, mcwpaintings, mcwwindows, modmenu, moonlight, notenoughanimations, owo, pehkui, pickuptorches, placeable_mobs, playeranimator, sleep_tight, sodium, statuemenus, talk_balloons, team_reborn_energy, villagerconfig, visuality, worldmesher, Moonlight Mods Dynamic Assets, file/!!§l 立方构想 V4023 128x §r§0 2025-01-10 JAVA版 §r§0.zip, file/!§9§l 立体方块 拓展包 §r§7 2025-01-10 §r§0.zip, file/!§9§l 100%干净玻璃 拓展包 §r§7 2025-01-10 §r§0.zip, loadmyresources.hiddenpack
[20:37:31] [Render thread/ERROR]: Failed to get filter section from pack loadmyresources.hiddenpack
[20:37:31] [Render thread/INFO]: Generated runtime CLIENT_RESOURCES for pack Moonlight Mods Dynamic Assets (sleep_tight) in: 2 ms
[20:37:31] [Render thread/INFO]: [FANCYMENU] Starting late client initialization phase..
[20:37:31] [Worker-Main-8/INFO]: Found unifont_all_no_pua-15.1.04.hex, loading
[20:37:31] [Render thread/INFO]: [KONKRETE] Client-side modules initialized and ready to use!
[20:37:32] [Worker-Main-9/WARN]: Texture minecraft:entity/fishing_hook with size 8x8 limits mip level from 4 to 3
[20:37:32] [Worker-Main-9/WARN]: minecraft:textures/atlas/blocks.png: dropping miplevel from 4 to 3, because of minimum power of two: 8
[20:37:34] [Render thread/WARN]: Missing sound for event: minecraft:item.goat_horn.play
[20:37:34] [Render thread/WARN]: Missing sound for event: minecraft:entity.goat.screaming.horn_break
[20:37:34] [Render thread/WARN]: Missing sound for event: minecraft:entity.generic.wind_burst
[20:37:35] [Render thread/INFO]: OpenAL initialized on device OpenAL Soft on 扬声器 (Realtek(R) Audio)
[20:37:35] [Render thread/INFO]: Sound engine started
[20:37:35] [Render thread/INFO]: [FANCYMENU] Reloading AudioResourceHandler after Minecraft SoundEngine reload..
[20:37:35] [Render thread/INFO]: Created: 8192x8192x3 minecraft:textures/atlas/blocks.png-atlas
[20:37:35] [Render thread/INFO]: Created: 256x256x4 minecraft:textures/atlas/signs.png-atlas
[20:37:35] [Render thread/INFO]: Created: 512x512x4 minecraft:textures/atlas/banner_patterns.png-atlas
[20:37:35] [Render thread/INFO]: Created: 1024x1024x4 minecraft:textures/atlas/shield_patterns.png-atlas
[20:37:35] [Render thread/INFO]: Created: 1024x1024x4 minecraft:textures/atlas/armor_trims.png-atlas
[20:37:35] [Render thread/INFO]: Created: 2048x1024x4 minecraft:textures/atlas/chest.png-atlas
[20:37:35] [Render thread/INFO]: Created: 128x64x4 minecraft:textures/atlas/decorated_pot.png-atlas
[20:37:35] [Render thread/INFO]: Created: 512x512x4 minecraft:textures/atlas/beds.png-atlas
[20:37:35] [Render thread/INFO]: Created: 4096x2048x4 minecraft:textures/atlas/shulker_boxes.png-atlas
[20:37:35] [Render thread/WARN]: Shader rendertype_entity_translucent_emissive could not find sampler named Sampler2 in the specified shader program.
[20:37:35] [Render thread/INFO]: Created: 512x256x0 minecraft:textures/atlas/particles.png-atlas
[20:37:35] [Render thread/INFO]: Created: 512x256x0 minecraft:textures/atlas/paintings.png-atlas
[20:37:35] [Render thread/INFO]: Created: 128x128x0 minecraft:textures/atlas/mob_effects.png-atlas
[20:37:35] [Render thread/INFO]: Created: 1024x512x0 minecraft:textures/atlas/gui.png-atlas
[20:37:35] [Render thread/INFO]: [FANCYMENU] Reloading resources..
[20:37:35] [Render thread/INFO]: [FANCYMENU] Pre-loading resources..
[20:37:35] [Render thread/INFO]: Created: 256x256x0 moonlight:textures/atlas/map_markers.png-atlas
[20:37:35] [Render thread/INFO]: [FANCYMENU] Minecraft resource reload: FINISHED
[20:37:36] [Render thread/INFO]: [FANCYMENU] ScreenCustomizationLayer registered: title_screen
[20:37:36] [Render thread/INFO]: Creating pipeline for dimension minecraft:overworld
[20:37:45] [Render thread/INFO]: [FANCYMENU] ScreenCustomizationLayer registered: select_world_screen
[20:37:49] [Render thread/INFO]: [FANCYMENU] ScreenCustomizationLayer registered: edit_world_screen
[20:38:35] [Render thread/INFO]: [LOAD MY RESOURCES] Pack registered!
[20:38:36] [Render thread/INFO]: Loaded 7 recipes
[20:38:36] [Render thread/INFO]: Loaded 1330 advancements
[20:38:36] [Render thread/INFO]: Loaded 0 trades
[20:38:37] [Render thread/INFO]: [FANCYMENU] ScreenCustomizationLayer registered: progress_screen
[20:38:37] [Render thread/INFO]: Applied 0 biome modifications to 0 of 64 new biomes in 1.091 ms
[20:38:37] [Server thread/INFO]: loaded team data: 2 known players, 2 teams total
[20:38:37] [Server thread/INFO]: Starting integrated minecraft server version 1.20.4
[20:38:37] [Server thread/INFO]: Generating keypair
[20:38:37] [Render thread/INFO]: [FANCYMENU] ScreenCustomizationLayer registered: level_loading_screen
[20:38:37] [Server thread/INFO]: Loading chat data from C:\Users\mwjwj\AppData\Roaming\.minecraft\versions\1.20.4-Fabric 0.16.10\saves\Hopeship\.\chatdata.json
[20:38:37] [Server thread/INFO]: Preparing start region for dimension minecraft:overworld
[20:38:40] [Render thread/INFO]: Preparing spawn area: 0%
[20:38:40] [Render thread/INFO]: Preparing spawn area: 0%
[20:38:40] [Render thread/INFO]: Preparing spawn area: 0%
[20:38:40] [Render thread/INFO]: Preparing spawn area: 0%
[20:38:40] [Render thread/INFO]: Preparing spawn area: 0%
[20:38:40] [Render thread/INFO]: Preparing spawn area: 18%
[20:38:40] [Render thread/INFO]: Time elapsed: 2949 ms
[20:38:40] [Server thread/INFO]: Loading quests from C:\Users\mwjwj\AppData\Roaming\.minecraft\versions\1.20.4-Fabric 0.16.10\config\ftbquests\quests
[20:38:41] [Server thread/INFO]: Loaded 4 chapter groups, 5 chapters, 19 quests, 1 reward tables
[20:38:41] [Server thread/INFO]: Changing view distance to 4, from 10
[20:38:41] [Server thread/INFO]: Changing simulation distance to 12, from 0
[20:38:41] [Server thread/INFO]: Cocktail_Royal[local:E:e727da80] logged in with entity id 34 at (93.4973287127581, -60.0, 55.61510946021183)
[20:38:41] [Server thread/INFO]: Sending whitelist / blacklist packet to player: Cocktail_Royal
[20:38:41] [Server thread/INFO]: Server send compressed, chunked login message packets to player: Cocktail_Royal
[20:38:42] [Render thread/INFO]: Reloading pipeline on dimension change: minecraft:overworld => minecraft:overworld
[20:38:42] [Render thread/INFO]: Destroying pipeline minecraft:overworld
[20:38:42] [Server thread/INFO]: Cocktail_Royal joined the game
[20:38:42] [Render thread/INFO]: Creating pipeline for dimension minecraft:overworld
[20:38:42] [Netty Local Client IO #0/INFO]: Read 5207 bytes, 73 objects
[20:38:43] [Render thread/INFO]: Started 10 worker threads
[20:38:43] [Render thread/INFO]: [FANCYMENU] ScreenCustomizationLayer registered: receiving_level_screen
[20:38:43] [Render thread/INFO]: Reassemble chunks on client and decompress lite JSON data string
[20:38:43] [Render thread/WARN]: Failed to get file path of mod moonlight: /
[20:38:43] [Render thread/WARN]: Failed to get file path of mod sleep_tight: /
[20:38:43] [Render thread/INFO]: Synced sleep_tight-common.json configs
[20:38:43] [Render thread/INFO]: Loaded 44 advancements
[20:38:43] [Render thread/INFO]: Stopping worker threads
[20:38:43] [Render thread/INFO]: Started 10 worker threads
[20:39:01] [Render thread/INFO]: [FANCYMENU] ScreenCustomizationLayer registered: inventory_screen
[20:39:01] [Render thread/INFO]: [FANCYMENU] ScreenCustomizationLayer registered: creative_mode_inventory_screen
[20:39:02] [Render thread/INFO]: [FANCYMENU] ScreenCustomizationLayer registered: dev.ftb.mods.ftblibrary.ui.ScreenWrapper
[20:39:10] [Render thread/INFO]: [FANCYMENU] ScreenCustomizationLayer registered: chat_screen
[20:39:18] [Server thread/INFO]: [Cocktail_Royal: Set the time to 18000]
[20:39:18] [Render thread/INFO]: [System] [CHAT] Set the time to 18000
[20:39:23] [Server thread/INFO]: [Cocktail_Royal: Set own game mode to Adventure Mode]
[20:39:23] [Render thread/INFO]: [System] [CHAT] Set own game mode to Adventure Mode
[20:39:37] [pool-4-thread-1/INFO]: Saving chat data to C:\Users\mwjwj\AppData\Roaming\.minecraft\versions\1.20.4-Fabric 0.16.10\saves\Hopeship\.\chatdata.json
[20:39:43] [Server thread/INFO]: [Cocktail_Royal: Set own game mode to Creative Mode]
[20:39:43] [Render thread/INFO]: [System] [CHAT] Set own game mode to Creative Mode
[20:39:58] [Server thread/INFO]: [Cocktail_Royal: Showing new title for Cocktail_Royal]
[20:39:58] [Server thread/INFO]: [Cocktail_Royal: Showing new subtitle for Cocktail_Royal]
[20:39:58] [Server thread/INFO]: [Not Secure] [@] Right-click to open case review and Press e, there are process instructions in the upper left corner.
[20:39:58] [Server thread/INFO]: [Cocktail_Royal: Displaying particle minecraft:glow]
[20:39:58] [Server thread/INFO]: [@: Teleported Cocktail_Royal to 24.500000, -43.000000, 99.500000]
[20:39:58] [Server thread/INFO]: [Cocktail_Royal: Changed title display times for Cocktail_Royal]
[20:39:58] [Render thread/INFO]: [System] [CHAT] [Cocktail_Royal: Showing new title for Cocktail_Royal]
[20:39:58] [Render thread/INFO]: [System] [CHAT] [Cocktail_Royal: Showing new subtitle for Cocktail_Royal]
[20:39:58] [Render thread/INFO]: [System] [CHAT] [@] Right-click to open case review and Press e, there are process instructions in the upper left corner.
[20:39:58] [Render thread/INFO]: [System] [CHAT] [Cocktail_Royal: Displaying particle minecraft:glow]
[20:39:58] [Render thread/INFO]: [System] [CHAT] [@: Teleported Cocktail_Royal to 24.500000, -43.000000, 99.500000]
[20:39:58] [Render thread/INFO]: [System] [CHAT] [Cocktail_Royal: Changed title display times for Cocktail_Royal]
[20:40:15] [Render thread/INFO]: [FANCYMENU] ScreenCustomizationLayer registered: com.owlmaddie.ui.ChatScreen
[20:40:41] [Server thread/INFO]: Conversation-switching message: status=PENDING, sender=PENDING, message=<a new player has joined the conversation: Cocktail_Royal>, player=Cocktail_Royal, entity=64c96f61-ec22-4a31-b379-244bfad3ca7d
[20:40:41] [Server thread/INFO]: Message added: status=DISPLAY, sender=USER, message=hi! Call me captain please! I's investgating the case!, player=Cocktail_Royal, entity=64c96f61-ec22-4a31-b379-244bfad3ca7d
[20:40:41] [Server thread/INFO]: Broadcasting player message: senderUUID=bb83ae14-3493-44f3-aa18-4a5d387bac38, message=hi! Call me captain please! I's investgating the case!
[20:40:41] [Server thread/INFO]: Broadcasting entity message: entityId=64c96f61-ec22-4a31-b379-244bfad3ca7d, status=PENDING, currentMessage=hi! Call me captain plea..., currentLineNumber=0, senderType=USER
[20:40:42] [ForkJoinPool.commonPool-worker-2/INFO]: Message added: status=PENDING, sender=ASSISTANT, message=Hello, Captain! I'm here to answer any questions you have about the case with straightforward and truthful responses. Let's dive into the details!, player=Cocktail_Royal, entity=64c96f61-ec22-4a31-b379-244bfad3ca7d
[20:40:42] [ForkJoinPool.commonPool-worker-2/INFO]: Broadcasting entity message: entityId=64c96f61-ec22-4a31-b379-244bfad3ca7d, status=DISPLAY, currentMessage=Hello, Captain! I'm here..., currentLineNumber=0, senderType=ASSISTANT
[20:40:45] [pool-7-thread-1/INFO]: [STDOUT]: Audio saved as C:\Windows\Media\yuyinceshi\result.wav
[20:41:49] [Server thread/INFO]: [@: Teleported Cocktail_Royal to 93.500000, -60.000000, 57.500000]
[20:41:49] [Render thread/INFO]: [System] [CHAT] [@: Teleported Cocktail_Royal to 93.500000, -60.000000, 57.500000]
[20:42:36] [Server thread/INFO]: [@: Teleported Cocktail_Royal to 93.500000, -60.000000, 57.500000]
[20:42:36] [Render thread/INFO]: [System] [CHAT] [@: Teleported Cocktail_Royal to 93.500000, -60.000000, 57.500000]
[20:42:55] [Server thread/INFO]: [Cocktail_Royal: Set own game mode to Adventure Mode]
[20:42:55] [Render thread/INFO]: [System] [CHAT] Set own game mode to Adventure Mode
[20:43:01] [Render thread/INFO]: [FANCYMENU] ScreenCustomizationLayer registered: book_view_screen
[20:43:01] [Server thread/INFO]: Saving and pausing game...
[20:43:01] [Server thread/INFO]: Saving chunks for level 'ServerLevel[MC Murder Mystery]'/minecraft:overworld
[20:43:01] [Server thread/INFO]: Saving chunks for level 'ServerLevel[MC Murder Mystery]'/minecraft:the_nether
[20:43:01] [Server thread/INFO]: Saving chunks for level 'ServerLevel[MC Murder Mystery]'/minecraft:the_end
[20:43:02] [Render thread/INFO]: [FANCYMENU] ScreenCustomizationLayer registered: pause_screen
[20:43:02] [Server thread/INFO]: Saving and pausing game...
[20:43:02] [Server thread/INFO]: Saving chunks for level 'ServerLevel[MC Murder Mystery]'/minecraft:overworld
[20:43:02] [Server thread/INFO]: Saving chunks for level 'ServerLevel[MC Murder Mystery]'/minecraft:the_nether
[20:43:02] [Server thread/INFO]: Saving chunks for level 'ServerLevel[MC Murder Mystery]'/minecraft:the_end
[20:43:02] [Server thread/INFO]: Cocktail_Royal lost connection: Disconnected
[20:43:02] [Server thread/INFO]: Cocktail_Royal left the game
[20:43:02] [Server thread/INFO]: Stopping singleplayer server as player logged out
[20:43:02] [Server thread/INFO]: Stopping server
[20:43:02] [Server thread/INFO]: Saving players
[20:43:02] [Server thread/INFO]: Saving worlds
[20:43:02] [Server thread/INFO]: Saving chunks for level 'ServerLevel[MC Murder Mystery]'/minecraft:overworld
[20:43:02] [Server thread/INFO]: Saving chunks for level 'ServerLevel[MC Murder Mystery]'/minecraft:the_nether
[20:43:02] [Server thread/INFO]: Saving chunks for level 'ServerLevel[MC Murder Mystery]'/minecraft:the_end
[20:43:02] [Server thread/INFO]: ThreadedAnvilChunkStorage (Hopeship): All chunks are saved
[20:43:02] [Server thread/INFO]: ThreadedAnvilChunkStorage (DIM-1): All chunks are saved
[20:43:02] [Server thread/INFO]: ThreadedAnvilChunkStorage (DIM1): All chunks are saved
[20:43:02] [Server thread/INFO]: ThreadedAnvilChunkStorage: All dimensions are saved
[20:43:02] [Server thread/INFO]: Saving chat data to C:\Users\mwjwj\AppData\Roaming\.minecraft\versions\1.20.4-Fabric 0.16.10\saves\Hopeship\.\chatdata.json
[20:43:02] [Render thread/INFO]: Stopping worker threads
[20:43:04] [Render thread/INFO]: Stopping!
